C51 COMPILER V9.00   MAIN                                                                  07/12/2011 17:01:45 PAGE 1   


C51 COMPILER V9.00, COMPILATION OF MODULE MAIN
OBJECT MODULE PLACED IN main.OBJ
COMPILER INVOKED BY: D:\czf\softwares\C51_Keil4\C51\BIN\C51.EXE main.c BROWSE DEBUG OBJECTEXTEND

line level    source

   1          #include "infraredray.h"
   2          
   3          void main(void) {
   4   1        irInit();
   5   1      
   6   1        while (1) {
   7   2          if (irTest()) {
   8   3            P1 = irGetDataCode();
   9   3          }
  10   2        }
  11   1      
  12   1      }


MODULE INFORMATION:   STATIC OVERLAYABLE
   CODE SIZE        =     16    ----
   CONSTANT SIZE    =   ----    ----
   XDATA SIZE       =   ----    ----
   PDATA SIZE       =   ----    ----
   DATA SIZE        =   ----    ----
   IDATA SIZE       =   ----    ----
   BIT SIZE         =   ----    ----
END OF MODULE INFORMATION.


C51 COMPILATION COMPLETE.  0 WARNING(S),  0 ERROR(S)
